<?xml version="1.0" encoding="UTF-8"?>
<!-- Generated by org.testng.reporters.JUnitReportReporter -->
<testsuite skipped="0" hostname="DESKTOP-8V89QLP" name="Testng.comgcrshop" tests="1" failures="0" timestamp="25 Sep 2018 21:54:29 GMT" time="6.564" errors="0">
  <testcase name="Lunchbro" time="6.564" classname="Testng.comgcrshop"/>
</testsuite> <!-- Testng.comgcrshop -->
