<?xml version="1.0" encoding="UTF-8"?>
<!-- Generated by org.testng.reporters.JUnitReportReporter -->
<testsuite skipped="0" hostname="DESKTOP-8V89QLP" name="TestNg.hardik" tests="2" failures="0" timestamp="05 Oct 2018 21:55:03 GMT" time="4.552" errors="0">
  <testcase name="gmail" time="2.533" classname="TestNg.hardik"/>
  <testcase name="navigate" time="2.019" classname="TestNg.hardik"/>
</testsuite> <!-- TestNg.hardik -->
