<?xml version="1.0" encoding="UTF-8"?>
<!-- Generated by org.testng.reporters.JUnitReportReporter -->
<testsuite skipped="0" hostname="DESKTOP-8V89QLP" name="TestNg.simple" tests="1" failures="0" timestamp="05 Oct 2018 17:28:14 GMT" time="4.256" errors="0">
  <testcase name="screenshort" time="4.256" classname="TestNg.simple"/>
</testsuite> <!-- TestNg.simple -->
